This is pdfeTeX, Version 3.141592-1.30.6-2.2 (MiKTeX 2.5) (preloaded format=latex 2006.10.25)  23 JUL 2007 11:47
entering extended mode
**hw3.tex
(hw3.tex
LaTeX2e <2005/12/01>
Babel <v3.8g> and hyphenation patterns for english, dumylang, nohyphenation, ge
rman, ngerman, french, loaded.
("C:\Program Files\MiKTeX 2.5\tex\latex\base\article.cls"
Document Class: article 2005/09/16 v1.4f Standard LaTeX document class
("C:\Program Files\MiKTeX 2.5\tex\latex\base\fleqn.clo"
File: fleqn.clo 1998/08/17 v1.1c Standard LaTeX option (flush left equations)
\mathindent=\dimen102
)
("C:\Program Files\MiKTeX 2.5\tex\latex\base\size11.clo"
File: size11.clo 2005/09/16 v1.4f Standard LaTeX file (size option)
)
\c@part=\count79
\c@section=\count80
\c@subsection=\count81
\c@subsubsection=\count82
\c@paragraph=\count83
\c@subparagraph=\count84
\c@figure=\count85
\c@table=\count86
\abovecaptionskip=\skip41
\belowcaptionskip=\skip42
\bibindent=\dimen103
)
("C:\Program Files\MiKTeX 2.5\tex\latex\base\latexsym.sty"
Package: latexsym 1998/08/17 v2.2e Standard LaTeX package (lasy symbols)
\symlasy=\mathgroup4
LaTeX Font Info:    Overwriting symbol font `lasy' in version `bold'
(Font)                  U/lasy/m/n --> U/lasy/b/n on input line 47.
)
("C:\Program Files\MiKTeX 2.5\tex\latex\epsf\epsf.sty"
This is `epsf.tex' v2.7.3 <23 July 2005>
\epsffilein=\read1
\epsfframemargin=\dimen104
\epsfframethickness=\dimen105
\epsfrsize=\dimen106
\epsftmp=\dimen107
\epsftsize=\dimen108
\epsfxsize=\dimen109
\epsfysize=\dimen110
\pspoints=\dimen111
) ("C:\Program Files\MiKTeX 2.5\tex\latex\graphics\epsfig.sty"
Package: epsfig 1999/02/16 v1.7a (e)psfig emulation (SPQR)

("C:\Program Files\MiKTeX 2.5\tex\latex\graphics\graphicx.sty"
Package: graphicx 1999/02/16 v1.0f Enhanced LaTeX Graphics (DPC,SPQR)

("C:\Program Files\MiKTeX 2.5\tex\latex\graphics\keyval.sty"
Package: keyval 1999/03/16 v1.13 key=value parser (DPC)
\KV@toks@=\toks14
)
("C:\Program Files\MiKTeX 2.5\tex\latex\graphics\graphics.sty"
Package: graphics 2006/02/20 v1.0o Standard LaTeX Graphics (DPC,SPQR)

("C:\Program Files\MiKTeX 2.5\tex\latex\graphics\trig.sty"
Package: trig 1999/03/16 v1.09 sin cos tan (DPC)
)
("C:\Program Files\MiKTeX 2.5\tex\latex\00miktex\graphics.cfg"
File: graphics.cfg 2005/12/29 v1.2 MiKTeX 'graphics' configuration
)
Package graphics Info: Driver file: dvips.def on input line 90.

("C:\Program Files\MiKTeX 2.5\tex\latex\graphics\dvips.def"
File: dvips.def 1999/02/16 v3.0i Driver-dependant file (DPC,SPQR)
))
\Gin@req@height=\dimen112
\Gin@req@width=\dimen113
)
\epsfxsize=\dimen114
\epsfysize=\dimen115
)
("C:\Program Files\MiKTeX 2.5\tex\latex\amsmath\amsmath.sty"
Package: amsmath 2000/07/18 v2.13 AMS math features
\@mathmargin=\skip43

For additional information on amsmath, use the `?' option.
("C:\Program Files\MiKTeX 2.5\tex\latex\amsmath\amstext.sty"
Package: amstext 2000/06/29 v2.01

("C:\Program Files\MiKTeX 2.5\tex\latex\amsmath\amsgen.sty"
File: amsgen.sty 1999/11/30 v2.0
\@emptytoks=\toks15
\ex@=\dimen116
))
("C:\Program Files\MiKTeX 2.5\tex\latex\amsmath\amsbsy.sty"
Package: amsbsy 1999/11/29 v1.2d
\pmbraise@=\dimen117
)
("C:\Program Files\MiKTeX 2.5\tex\latex\amsmath\amsopn.sty"
Package: amsopn 1999/12/14 v2.01 operator names
)
\inf@bad=\count87
LaTeX Info: Redefining \frac on input line 211.
\uproot@=\count88
\leftroot@=\count89
LaTeX Info: Redefining \overline on input line 307.
\classnum@=\count90
\DOTSCASE@=\count91
LaTeX Info: Redefining \ldots on input line 379.
LaTeX Info: Redefining \dots on input line 382.
LaTeX Info: Redefining \cdots on input line 467.
\Mathstrutbox@=\box26
\strutbox@=\box27
\big@size=\dimen118
LaTeX Font Info:    Redeclaring font encoding OML on input line 567.
LaTeX Font Info:    Redeclaring font encoding OMS on input line 568.
\macc@depth=\count92
\c@MaxMatrixCols=\count93
\dotsspace@=\muskip10
\c@parentequation=\count94
\dspbrk@lvl=\count95
\tag@help=\toks16
\row@=\count96
\column@=\count97
\maxfields@=\count98
\andhelp@=\toks17
\eqnshift@=\dimen119
\alignsep@=\dimen120
\tagshift@=\dimen121
\tagwidth@=\dimen122
\totwidth@=\dimen123
\lineht@=\dimen124
\@envbody=\toks18
\multlinegap=\skip44
\multlinetaggap=\skip45
\mathdisplay@stack=\toks19
LaTeX Info: Redefining \[ on input line 2666.
LaTeX Info: Redefining \] on input line 2667.
)
("C:\Program Files\MiKTeX 2.5\tex\latex\amscls\amsthm.sty"
Package: amsthm 2004/08/06 v2.20
\thm@style=\toks20
\thm@bodyfont=\toks21
\thm@headfont=\toks22
\thm@notefont=\toks23
\thm@headpunct=\toks24
\thm@preskip=\skip46
\thm@postskip=\skip47
\thm@headsep=\skip48
\dth@everypar=\toks25
)
("C:\Program Files\MiKTeX 2.5\tex\generic\xypic\xy.sty"
("C:\Program Files\MiKTeX 2.5\tex\generic\xypic\xy.tex" Bootstrap'ing:
catcodes, docmode, ("C:\Program Files\MiKTeX 2.5\tex\generic\xypic\xyrecat.tex"
) ("C:\Program Files\MiKTeX 2.5\tex\generic\xypic\xyidioms.tex")

 Xy-pic version 3.7 <1999/02/16>
 Copyright (c) 1991-1998 by Kristoffer H. Rose <krisrose@ens-lyon.fr>
 Xy-pic is free software: see the User's Guide for details.

Loading kernel: messages; fonts; allocations: state,
\X@c=\dimen125
\Y@c=\dimen126
\U@c=\dimen127
\D@c=\dimen128
\L@c=\dimen129
\R@c=\dimen130
\Edge@c=\toks26
\X@p=\dimen131
\Y@p=\dimen132
\U@p=\dimen133
\D@p=\dimen134
\L@p=\dimen135
\R@p=\dimen136
\Edge@p=\toks27
\X@origin=\dimen137
\Y@origin=\dimen138
\X@xbase=\dimen139
\Y@xbase=\dimen140
\X@ybase=\dimen141
\Y@ybase=\dimen142
\X@min=\dimen143
\Y@min=\dimen144
\X@max=\dimen145
\Y@max=\dimen146
\lastobjectbox@=\box28
\zerodotbox@=\box29
\almostz@=\dimen147
 direction,
\d@X=\dimen148
\d@Y=\dimen149
\K@=\count99
\KK@=\count100
\Direction=\count101
\K@dXdY=\dimen150
\K@dYdX=\dimen151
\xyread@=\read2
\xywrite@=\write3
\csp@=\count102
\quotPTK@=\dimen152

utility macros; pictures: \xy, positions,
\swaptoks@@=\toks28
\connectobjectbox@@=\box30
 objects,
\styletoks@=\toks29
 decorations;
kernel objects: directionals, circles, text; options; algorithms: directions,
edges, connections;  Xy-pic loaded)
Package: xy 1999/02/16 Xy-pic version 3.7
)
("C:\Program Files\MiKTeX 2.5\tex\generic\xypic\xy.tex" not reloaded)
("C:\Program Files\MiKTeX 2.5\tex\generic\xypic\xyall.tex"
 Xy-pic option: All features v.3.3
("C:\Program Files\MiKTeX 2.5\tex\generic\xypic\xycurve.tex"
 Xy-pic option: Curve and Spline extension v.3.7 curve,
\crv@cnt@=\count103
\crvpts@=\toks30
\splinebox@=\box31
\splineval@=\dimen153
\splinedepth@=\dimen154
\splinetol@=\dimen155
\splinelength@=\dimen156
 circles,
\L@=\dimen157
 loaded)
("C:\Program Files\MiKTeX 2.5\tex\generic\xypic\xyframe.tex"
 Xy-pic option: Frame and Bracket extension v.3.7 loaded)
("C:\Program Files\MiKTeX 2.5\tex\generic\xypic\xycmtip.tex"
 Xy-pic option: Computer Modern tip extension v.3.3
("C:\Program Files\MiKTeX 2.5\tex\generic\xypic\xytips.tex"
 Xy-pic option: More Tips extension v.3.3 loaded) loaded)
("C:\Program Files\MiKTeX 2.5\tex\generic\xypic\xyline.tex"
 Xy-pic option: Line styles extension v.3.6
\xylinethick@=\dimen158
 loaded)
("C:\Program Files\MiKTeX 2.5\tex\generic\xypic\xyrotate.tex"
 Xy-pic option: Rotate and Scale extension v.3.3 loaded)
("C:\Program Files\MiKTeX 2.5\tex\generic\xypic\xycolor.tex"
 Xy-pic option: Colour extension v.3.3 loaded)
("C:\Program Files\MiKTeX 2.5\tex\generic\xypic\xymatrix.tex"
 Xy-pic option: Matrix feature v.3.4
\Row=\count104
\Col=\count105
\queue@=\toks31
\queue@@=\toks32
\qcount@=\count106
\qcount@@=\count107
\matrixsize@=\count108
 loaded)
("C:\Program Files\MiKTeX 2.5\tex\generic\xypic\xyarrow.tex"
 Xy-pic option: Arrow and Path feature v.3.5 path, \ar, loaded)
("C:\Program Files\MiKTeX 2.5\tex\generic\xypic\xygraph.tex"
 Xy-pic option: Graph feature v.3.7 loaded) loaded) (hw3.aux)
LaTeX Font Info:    Checking defaults for OML/cmm/m/it on input line 7.
LaTeX Font Info:    ... okay on input line 7.
LaTeX Font Info:    Checking defaults for T1/cmr/m/n on input line 7.
LaTeX Font Info:    ... okay on input line 7.
LaTeX Font Info:    Checking defaults for OT1/cmr/m/n on input line 7.
LaTeX Font Info:    ... okay on input line 7.
LaTeX Font Info:    Checking defaults for OMS/cmsy/m/n on input line 7.
LaTeX Font Info:    ... okay on input line 7.
LaTeX Font Info:    Checking defaults for OMX/cmex/m/n on input line 7.
LaTeX Font Info:    ... okay on input line 7.
LaTeX Font Info:    Checking defaults for U/cmr/m/n on input line 7.
LaTeX Font Info:    ... okay on input line 7.
LaTeX Font Info:    Try loading font information for U+lasy on input line 18.

("C:\Program Files\MiKTeX 2.5\tex\latex\base\ulasy.fd"
File: ulasy.fd 1998/08/17 v2.2e LaTeX symbol font definitions
)
LaTeX Font Info:    Try loading font information for OMS+cmr on input line 20.

("C:\Program Files\MiKTeX 2.5\tex\latex\base\omscmr.fd"
File: omscmr.fd 1999/05/25 v2.5h Standard LaTeX font definitions
)
LaTeX Font Info:    Font shape `OMS/cmr/m/n' in size <10.95> not available
(Font)              Font shape `OMS/cmsy/m/n' tried instead on input line 20.

Overfull \hbox (3.24294pt too wide) in paragraph at lines 17--25
\OT1/cmr/m/n/10.95 Relational Al-ge-bra $\OML/cmm/m/it/10.95 []$\OT1/cmr/m/n/1
0.95 ($\OML/cmm/m/it/10.95 []$\OT1/cmr/m/n/10.95 (EMPLOYEE)) 
 []


Overfull \hbox (25.75142pt too wide) in paragraph at lines 17--25
\OT1/cmr/m/n/10.95 Tuple Re-la-tional \OMS/cmsy/m/n/10.95 f$\OML/cmm/m/it/10.95
 t[]\OMS/cmsy/m/n/10.95 j9\OT1/cmr/m/n/10.95 (\OML/cmm/m/it/10.95 e\OT1/cmr/m/n
/10.95 )($EMPLOYEE$(\OML/cmm/m/it/10.95 e\OT1/cmr/m/n/10.95 )$ ^ $\OML/cmm/m/it
/10.95 e$\OT1/cmr/m/n/10.95 [Super[]ssn] $=$ 33344555
 []


Overfull \hbox (10.56677pt too wide) in paragraph at lines 17--25
\OT1/cmr/m/n/10.95 Domain Re-la-tional \OMS/cmsy/m/n/10.95 f \OT1/cmr/m/n/10.95
 Lname, Fname $\OMS/cmsy/m/n/10.95 j$ \OT1/cmr/m/n/10.95 EM-PLOYEE(Fname, Lname
,
 []


Overfull \hbox (22.37129pt too wide) in paragraph at lines 25--34
\OT1/cmr/m/n/10.95 Relational Al-ge-bra $\OML/cmm/m/it/10.95 []$\OT1/cmr/m/n/1
0.95 ( (EM-PLOYEE $\U/lasy/m/n/10.95 1[]$ \OT1/cmr/m/n/10.95 PROJECT)
 []


Overfull \hbox (41.04803pt too wide) in paragraph at lines 25--34
\OT1/cmr/m/n/10.95 Tuple Re-la-tional \OMS/cmsy/m/n/10.95 f $\OML/cmm/m/it/10.9
5 t[]\OMS/cmsy/m/n/10.95 j$ $8$\OT1/cmr/m/n/10.95 (p)(PROJECTS(w) ^ $\OMS/cmsy/
m/n/10.95 9$\OT1/cmr/m/n/10.95 (w)$\OMS/cmsy/m/n/10.95 9$\OT1/cmr/m/n/10.95 (e)
(WORKS[]ON)(w)
 []


Overfull \hbox (73.84381pt too wide) in paragraph at lines 37--43
\OML/cmm/m/it/10.95 []$\OT1/cmr/m/n/10.95 (WORKS[]ON $\U/lasy/m/n/10.95 1[]$ \
OT1/cmr/m/n/10.95 EM-PLOYEE) - $\OML/cmm/m/it/10.95 []$\OT1/cmr/m/n/10.95 (EMP
LOYEE) 
 []


Overfull \hbox (12.27264pt too wide) in paragraph at lines 37--43
\OMS/cmsy/m/n/10.95 f $\OML/cmm/m/it/10.95 t[]\OMS/cmsy/m/n/10.95 j$ $8$\OT1/cm
r/m/n/10.95 (E)(EMPLOYEE(E) ^ $\OMS/cmsy/m/n/10.95 8$\OT1/cmr/m/n/10.95 (w)(WOR
KS[]ON)(w) ^ NOT(p[ssn]
 []

[1

] [2] (hw3.aux) ) 
Here is how much of TeX's memory you used:
 3608 strings out of 95420
 41061 string characters out of 1187323
 128082 words of memory out of 1129734
 6643 multiletter control sequences out of 60000
 8514 words of font info for 36 fonts, out of 1000000 for 2000
 14 hyphenation exceptions out of 8191
 32i,6n,24p,358b,236s stack positions out of 5000i,500n,10000p,200000b,32768s

Output written on hw3.dvi (2 pages, 4268 bytes).
